src/utf8_facts.c 76: UTF8Len1 facts check started
src/utf8_facts.c 76: UTF8Len1 facts check ended
src/utf8_facts.c 104: UTF8Len2 facts check started
src/utf8_facts.c 104: UTF8Len2 facts check ended
src/utf8_facts.c 133: UTF8Len3 facts check started
src/utf8_facts.c 133: UTF8Len3 facts check ended
src/utf8_facts.c 163: UTF8Len4 facts check started
src/utf8_facts.c 163: UTF8Len4 facts check ended
src/utf8_facts.c 260: decode facts check started
src/utf8_facts.c 260: decode facts check ended
src/utf8_facts.c 310: Suits facts check started
src/utf8_facts.c 310: Suits facts check ended
src/utf8_facts.c 236: InvalidAndCapacity facts check started
src/utf8_facts.c 236: InvalidAndCapacity facts check ended
src/utf8_facts.c 193: UTF8Len5And6 facts check started
src/utf8_facts.c 193: UTF8Len5And6 facts check ended
facts summary.
facts check UTF8Len1 [1;32mpassed[0m
facts check UTF8Len2 [1;32mpassed[0m
facts check UTF8Len3 [1;32mpassed[0m
facts check UTF8Len4 [1;32mpassed[0m
facts check decode [1;32mpassed[0m
facts check Suits [1;32mpassed[0m
facts check InvalidAndCapacity [1;32mpassed[0m
facts check UTF8Len5And6 [1;32mpassed[0m
716 (100.0%) truths and 0 (0.0%) fictions checked.
